<?xml version="1.0" encoding="UTF-8"?>
<testsuite name="ru.stqa.pft.addressbook.tests.ContactFieldsTests" tests="1" skipped="0" failures="0" errors="0" timestamp="2021-07-23T11:19:08" hostname="DESKTOP-M08RKIT" time="0.717">
  <properties/>
  <testcase name="testContactMails" classname="ru.stqa.pft.addressbook.tests.ContactFieldsTests" time="0.717"/>
  <system-out><![CDATA[]]></system-out>
  <system-err><![CDATA[]]></system-err>
</testsuite>
