<?xml version="1.0" encoding="UTF-8"?>
<testsuite name="ru.stqa.pft.addressbook.tests.ContactPhonesTests" tests="1" skipped="0" failures="0" errors="0" timestamp="2021-07-23T09:46:21" hostname="DESKTOP-M08RKIT" time="0.53">
  <properties/>
  <testcase name="testContactPhones" classname="ru.stqa.pft.addressbook.tests.ContactPhonesTests" time="0.53"/>
  <system-out><![CDATA[]]></system-out>
  <system-err><![CDATA[]]></system-err>
</testsuite>
