<?xml version="1.0" encoding="UTF-8"?>
<testsuite name="ru.stqa.pft.addressbook.tests.ContactFieldsTests" tests="3" skipped="0" failures="0" errors="0" timestamp="2021-07-27T11:48:24" hostname="DESKTOP-M08RKIT" time="1.804">
  <properties/>
  <testcase name="testContactAddress" classname="ru.stqa.pft.addressbook.tests.ContactFieldsTests" time="0.856"/>
  <testcase name="testContactMails" classname="ru.stqa.pft.addressbook.tests.ContactFieldsTests" time="0.446"/>
  <testcase name="testContactPhones" classname="ru.stqa.pft.addressbook.tests.ContactFieldsTests" time="0.454"/>
  <system-out><![CDATA[]]></system-out>
  <system-err><![CDATA[]]></system-err>
</testsuite>
